Using pre-set license
Built from '2021.3/staging' branch; Version is '2021.3.1f1 (3b70a0754835) revision 3895456'; Using compiler version '192829333'; Build Type 'Release'
OS: 'Windows 10  (10.0.19044) 64bit Core' Language: 'en' Physical Memory: 7968 MB
BatchMode: 1, IsHumanControllingUs: 0, StartBugReporterOnCrash: 0, Is64bit: 1, IsPro: 1

COMMAND LINE ARGUMENTS:
C:\Program Files\Unity\Hub\Editor\2021.3.1f1\Editor\Unity.exe
-adb2
-batchMode
-noUpm
-name
AssetImportWorker0
-projectPath
C:/Users/meili/Documents/GitHub/project2TETRIS/Project2_Tetris_GIT
-logFile
Logs/AssetImportWorker0.log
-srvPort
53231
Successfully changed project path to: C:/Users/meili/Documents/GitHub/project2TETRIS/Project2_Tetris_GIT
C:/Users/meili/Documents/GitHub/project2TETRIS/Project2_Tetris_GIT
[UnityMemory] Configuration Parameters - Can be set up in boot.config
    "memorysetup-bucket-allocator-granularity=16"
    "memorysetup-bucket-allocator-bucket-count=8"
    "memorysetup-bucket-allocator-block-size=33554432"
    "memorysetup-bucket-allocator-block-count=8"
    "memorysetup-main-allocator-block-size=16777216"
    "memorysetup-thread-allocator-block-size=16777216"
    "memorysetup-gfx-main-allocator-block-size=16777216"
    "memorysetup-gfx-thread-allocator-block-size=16777216"
    "memorysetup-cache-allocator-block-size=4194304"
    "memorysetup-typetree-allocator-block-size=2097152"
    "memorysetup-profiler-bucket-allocator-granularity=16"
    "memorysetup-profiler-bucket-allocator-bucket-count=8"
    "memorysetup-profiler-bucket-allocator-block-size=33554432"
    "memorysetup-profiler-bucket-allocator-block-count=8"
    "memorysetup-profiler-allocator-block-size=16777216"
    "memorysetup-profiler-editor-allocator-block-size=1048576"
    "memorysetup-temp-allocator-size-main=16777216"
    "memorysetup-job-temp-allocator-block-size=2097152"
    "memorysetup-job-temp-allocator-block-size-background=1048576"
    "memorysetup-job-temp-allocator-reduction-small-platforms=262144"
    "memorysetup-temp-allocator-size-background-worker=32768"
    "memorysetup-temp-allocator-size-job-worker=262144"
    "memorysetup-temp-allocator-size-preload-manager=33554432"
    "memorysetup-temp-allocator-size-nav-mesh-worker=65536"
    "memorysetup-temp-allocator-size-audio-worker=65536"
    "memorysetup-temp-allocator-size-cloud-worker=32768"
    "memorysetup-temp-allocator-size-gi-baking-worker=262144"
    "memorysetup-temp-allocator-size-gfx=262144"
Refreshing native plugins compatible for Editor in 85.05 ms, found 3 plugins.
Preloading 0 native plugins for Editor in 0.00 ms.
Initialize engine version: 2021.3.1f1 (3b70a0754835)
[Subsystems] Discovering subsystems at path C:/Program Files/Unity/Hub/Editor/2021.3.1f1/Editor/Data/Resources/UnitySubsystems
[Subsystems] Discovering subsystems at path C:/Users/meili/Documents/GitHub/project2TETRIS/Project2_Tetris_GIT/Assets
GfxDevice: creating device client; threaded=0; jobified=0
Direct3D:
    Version:  Direct3D 11.0 [level 11.1]
    Renderer: Intel(R) UHD Graphics 620 (ID=0x3ea0)
    Vendor:   Intel
    VRAM:     3984 MB
    Driver:   27.20.100.9664
Initialize mono
Mono path[0] = 'C:/Program Files/Unity/Hub/Editor/2021.3.1f1/Editor/Data/Managed'
Mono path[1] = 'C:/Program Files/Unity/Hub/Editor/2021.3.1f1/Editor/Data/MonoBleedingEdge/lib/mono/unityjit-win32'
Mono config path = 'C:/Program Files/Unity/Hub/Editor/2021.3.1f1/Editor/Data/MonoBleedingEdge/etc'
Using monoOptions --debugger-agent=transport=dt_socket,embedding=1,server=y,suspend=n,address=127.0.0.1:56432
Begin MonoManager ReloadAssembly
Registering precompiled unity dll's ...
Register platform support module: C:/Program Files/Unity/Hub/Editor/2021.3.1f1/Editor/Data/PlaybackEngines/WindowsStandaloneSupport/UnityEditor.WindowsStandalone.Extensions.dll
Registered in 0.027559 seconds.
Native extension for WindowsStandalone target not found
Refreshing native plugins compatible for Editor in 39.95 ms, found 3 plugins.
Preloading 0 native plugins for Editor in 0.00 ms.
Mono: successfully reloaded assembly
- Completed reload, in  0.786 seconds
Domain Reload Profiling:
	ReloadAssembly (787ms)
		BeginReloadAssembly (166ms)
			ExecutionOrderSort (0ms)
			DisableScriptedObjects (0ms)
			BackupInstance (0ms)
			ReleaseScriptingObjects (0ms)
			CreateAndSetChildDomain (1ms)
		EndReloadAssembly (467ms)
			LoadAssemblies (163ms)
			RebuildTransferFunctionScriptingTraits (0ms)
			SetupTypeCache (117ms)
			ReleaseScriptCaches (0ms)
			RebuildScriptCaches (33ms)
			SetupLoadedEditorAssemblies (258ms)
				LogAssemblyErrors (0ms)
				InitializePlatformSupportModulesInManaged (9ms)
				SetLoadedEditorAssemblies (0ms)
				RefreshPlugins (40ms)
				BeforeProcessingInitializeOnLoad (1ms)
				ProcessInitializeOnLoadAttributes (153ms)
				ProcessInitializeOnLoadMethodAttributes (54ms)
				AfterProcessingInitializeOnLoad (0ms)
				EditorAssembliesLoaded (0ms)
			ExecutionOrderSort2 (0ms)
			AwakeInstancesAfterBackupRestoration (0ms)
Platform modules already initialized, skipping
Registering precompiled user dll's ...
Registered in 0.019153 seconds.
Begin MonoManager ReloadAssembly
Symbol file LoadedFromMemory is not a mono symbol file
Native extension for WindowsStandalone target not found
Refreshing native plugins compatible for Editor in 58.27 ms, found 3 plugins.
Preloading 0 native plugins for Editor in 0.00 ms.
Mono: successfully reloaded assembly
- Completed reload, in  1.266 seconds
Domain Reload Profiling:
	ReloadAssembly (1267ms)
		BeginReloadAssembly (133ms)
			ExecutionOrderSort (0ms)
			DisableScriptedObjects (6ms)
			BackupInstance (0ms)
			ReleaseScriptingObjects (0ms)
			CreateAndSetChildDomain (23ms)
		EndReloadAssembly (986ms)
			LoadAssemblies (186ms)
			RebuildTransferFunctionScriptingTraits (0ms)
			SetupTypeCache (207ms)
			ReleaseScriptCaches (1ms)
			RebuildScriptCaches (53ms)
			SetupLoadedEditorAssemblies (480ms)
				LogAssemblyErrors (0ms)
				InitializePlatformSupportModulesInManaged (6ms)
				SetLoadedEditorAssemblies (0ms)
				RefreshPlugins (58ms)
				BeforeProcessingInitializeOnLoad (87ms)
				ProcessInitializeOnLoadAttributes (231ms)
				ProcessInitializeOnLoadMethodAttributes (81ms)
				AfterProcessingInitializeOnLoad (16ms)
				EditorAssembliesLoaded (0ms)
			ExecutionOrderSort2 (0ms)
			AwakeInstancesAfterBackupRestoration (21ms)
Platform modules already initialized, skipping
========================================================================
Worker process is ready to serve import requests
Launched and connected shader compiler UnityShaderCompiler.exe after 0.07 seconds
Refreshing native plugins compatible for Editor in 0.53 ms, found 3 plugins.
Preloading 0 native plugins for Editor in 0.00 ms.
Unloading 2321 Unused Serialized files (Serialized files now loaded: 0)
Unloading 30 unused Assets / (55.7 KB). Loaded Objects now: 2784.
Memory consumption went from 105.1 MB to 105.0 MB.
Total: 4.559700 ms (FindLiveObjects: 0.394800 ms CreateObjectMapping: 0.282100 ms MarkObjects: 3.778800 ms  DeleteObjects: 0.102000 ms)

AssetImportParameters requested are different than current active one (requested -> active):
  custom:video-decoder-ogg-theora: a1e56fd34408186e4bbccfd4996cb3dc -> 
  custom:container-muxer-webm: aa71ff27fc2769a1b78a27578f13a17b -> 
  custom:container-demuxer-webm: 4f35f7cbe854078d1ac9338744f61a02 -> 
  custom:video-encoder-webm-vp8: eb34c28f22e8b96e1ab97ce403110664 -> 
  custom:video-codec-MediaFoundation-h265: 746d11721c4dcdbdad8f713fa42b33f4 -> 
  custom:audio-encoder-webm-vorbis: bf7c407c2cedff20999df2af8eb42d56 -> 
  custom:framework-win-MediaFoundation: 216162199b28c13a410421893ffa2e32 -> 
  custom:container-demuxer-ogg: 62fdf1f143b41e24485cea50d1cbac27 -> 
  custom:video-decoder-webm-vp8: 9c59270c3fd7afecdb556c50c9e8de78 -> 
  custom:audio-decoder-ogg-vorbis: bf7c407c2cedff20999df2af8eb42d56 -> 
========================================================================
Received Import Request.
  Time since last request: 198917.463233 seconds.
  path: Assets
  artifactKey: Guid(00000000000000001000000000000000) Importer(815301076,1909f56bfc062723c751e8b465ee728b)
Start importing Assets using Guid(00000000000000001000000000000000) Importer(815301076,1909f56bfc062723c751e8b465ee728b)  -> (artifact id: '79842766b460edbeab6a34051e857a80') in 0.011660 seconds 
========================================================================
Received Import Request.
  Time since last request: 2.212154 seconds.
  path: Assets/Sprites
  artifactKey: Guid(978f1cb2ccfe82c41ab0deb6ef6f0dd5) Importer(815301076,1909f56bfc062723c751e8b465ee728b)
Start importing Assets/Sprites using Guid(978f1cb2ccfe82c41ab0deb6ef6f0dd5) Importer(815301076,1909f56bfc062723c751e8b465ee728b)  -> (artifact id: 'ca5a49d1b66847e2e1c75b2c80d968c6') in 0.006065 seconds 
========================================================================
Received Import Request.
  Time since last request: 46.299482 seconds.
  path: Assets/Sprites/Blue.png
  artifactKey: Guid(3f82b3ad9020ed3448c74b89545d893c) Importer(815301076,1909f56bfc062723c751e8b465ee728b)
Start importing Assets/Sprites/Blue.png using Guid(3f82b3ad9020ed3448c74b89545d893c) Importer(815301076,1909f56bfc062723c751e8b465ee728b)  -> (artifact id: '6190416929ac23a5b551ab9059a383fe') in 1.042051 seconds 
========================================================================
Received Import Request.
  Time since last request: 0.000037 seconds.
  path: Assets/Sprites/Grid.png
  artifactKey: Guid(6ff6b85966aeb3f4ab304af07f4dd424) Importer(815301076,1909f56bfc062723c751e8b465ee728b)
Start importing Assets/Sprites/Grid.png using Guid(6ff6b85966aeb3f4ab304af07f4dd424) Importer(815301076,1909f56bfc062723c751e8b465ee728b)  -> (artifact id: 'bfb0f37429f08ffdd3c26b4d964b3cd5') in 0.073194 seconds 
========================================================================
Received Import Request.
  Time since last request: 0.000046 seconds.
  path: Assets/Sprites/Yellow.png
  artifactKey: Guid(019e0880cb7a5b04e9397e93cddcc382) Importer(815301076,1909f56bfc062723c751e8b465ee728b)
Start importing Assets/Sprites/Yellow.png using Guid(019e0880cb7a5b04e9397e93cddcc382) Importer(815301076,1909f56bfc062723c751e8b465ee728b)  -> (artifact id: 'c8e49b4fd3b52d78f3e8ec59fd37d8f5') in 0.299951 seconds 
========================================================================
Received Import Request.
  Time since last request: 0.000030 seconds.
  path: Assets/Sprites/Green.png
  artifactKey: Guid(3e2fc5b3b3411a94d990b263cc821a0a) Importer(815301076,1909f56bfc062723c751e8b465ee728b)
Start importing Assets/Sprites/Green.png using Guid(3e2fc5b3b3411a94d990b263cc821a0a) Importer(815301076,1909f56bfc062723c751e8b465ee728b)  -> (artifact id: '942d798a52d54a04297a6997ff09859b') in 0.033475 seconds 
========================================================================
Received Import Request.
  Time since last request: 0.000108 seconds.
  path: Assets/Sprites/Orange.png
  artifactKey: Guid(35a3a47936e735945aca498f718eaef4) Importer(815301076,1909f56bfc062723c751e8b465ee728b)
Start importing Assets/Sprites/Orange.png using Guid(35a3a47936e735945aca498f718eaef4) Importer(815301076,1909f56bfc062723c751e8b465ee728b)  -> (artifact id: '0615dbcc2708385a2ff63285744438a4') in 0.027554 seconds 
========================================================================
Received Import Request.
  Time since last request: 0.000026 seconds.
  path: Assets/Sprites/Red.png
  artifactKey: Guid(b109e0a46ebdde140abbe8ffe76f424c) Importer(815301076,1909f56bfc062723c751e8b465ee728b)
Start importing Assets/Sprites/Red.png using Guid(b109e0a46ebdde140abbe8ffe76f424c) Importer(815301076,1909f56bfc062723c751e8b465ee728b)  -> (artifact id: 'e6e83c7ea6cc32ec9f6e0914735318c5') in 0.025025 seconds 
========================================================================
Received Import Request.
  Time since last request: 460.091555 seconds.
  path: Assets/Scenes/SampleScene.unity
  artifactKey: Guid(2cda990e2423bbf4892e6590ba056729) Importer(815301076,1909f56bfc062723c751e8b465ee728b)
Start importing Assets/Scenes/SampleScene.unity using Guid(2cda990e2423bbf4892e6590ba056729) Importer(815301076,1909f56bfc062723c751e8b465ee728b)  -> (artifact id: '4dbf73cd46779dbb6fce4c573fd35d5c') in 0.005041 seconds 
========================================================================
Received Import Request.
  Time since last request: 5.017887 seconds.
  path: Assets/Scenes/Tetris.unity
  artifactKey: Guid(2cda990e2423bbf4892e6590ba056729) Importer(815301076,1909f56bfc062723c751e8b465ee728b)
Start importing Assets/Scenes/Tetris.unity using Guid(2cda990e2423bbf4892e6590ba056729) Importer(815301076,1909f56bfc062723c751e8b465ee728b)  -> (artifact id: 'f8d1c2ff1ee3898c50572f75044d9021') in 0.002916 seconds 
========================================================================
Received Import Request.
  Time since last request: 1500.835342 seconds.
  path: Assets/Tiles/Blocks.prefab
  artifactKey: Guid(16a51fc2aa1b4104e912a9e1d64c4184) Importer(815301076,1909f56bfc062723c751e8b465ee728b)
Start importing Assets/Tiles/Blocks.prefab using Guid(16a51fc2aa1b4104e912a9e1d64c4184) Importer(815301076,1909f56bfc062723c751e8b465ee728b)  -> (artifact id: '832c4c1710900471bf8024f6e968959e') in 0.163335 seconds 
========================================================================
Received Import Request.
  Time since last request: 224.658951 seconds.
  path: Assets/Tiles/Green.png
  artifactKey: Guid(aa8ad894ec01d5544975edbe22e7bc77) Importer(815301076,1909f56bfc062723c751e8b465ee728b)
Start importing Assets/Tiles/Green.png using Guid(aa8ad894ec01d5544975edbe22e7bc77) Importer(815301076,1909f56bfc062723c751e8b465ee728b)  -> (artifact id: 'ed926507b25a3e96ffcda4b492340902') in 0.027298 seconds 
========================================================================
Received Import Request.
  Time since last request: 0.000040 seconds.
  path: Assets/Tiles/Grid.png
  artifactKey: Guid(64f755b255210d24cb641cd249508bb6) Importer(815301076,1909f56bfc062723c751e8b465ee728b)
Start importing Assets/Tiles/Grid.png using Guid(64f755b255210d24cb641cd249508bb6) Importer(815301076,1909f56bfc062723c751e8b465ee728b)  -> (artifact id: 'bf00396a3c07cd70335caca0042488cc') in 0.023271 seconds 
========================================================================
Received Import Request.
  Time since last request: 0.000037 seconds.
  path: Assets/Tiles/Purple.png
  artifactKey: Guid(ecfd91c411ede6049978d7988a42a4df) Importer(815301076,1909f56bfc062723c751e8b465ee728b)
Start importing Assets/Tiles/Purple.png using Guid(ecfd91c411ede6049978d7988a42a4df) Importer(815301076,1909f56bfc062723c751e8b465ee728b)  -> (artifact id: '4970e8b2897a6a8991c7ea099ab8f763') in 0.022272 seconds 
========================================================================
Received Import Request.
  Time since last request: 0.000064 seconds.
  path: Assets/Tiles/Red.png
  artifactKey: Guid(1fd2b798b66c56d49a7b78c0db79e876) Importer(815301076,1909f56bfc062723c751e8b465ee728b)
Start importing Assets/Tiles/Red.png using Guid(1fd2b798b66c56d49a7b78c0db79e876) Importer(815301076,1909f56bfc062723c751e8b465ee728b)  -> (artifact id: '1ae4850620b7061362ccff77a8e3f530') in 0.031448 seconds 
========================================================================
Received Import Request.
  Time since last request: 0.000024 seconds.
  path: Assets/Tiles/Orange.png
  artifactKey: Guid(84cd0b110e1c94149b6edde201f738d1) Importer(815301076,1909f56bfc062723c751e8b465ee728b)
Start importing Assets/Tiles/Orange.png using Guid(84cd0b110e1c94149b6edde201f738d1) Importer(815301076,1909f56bfc062723c751e8b465ee728b)  -> (artifact id: 'b3339fb22c22e90dc2a475ff91234d8d') in 0.026877 seconds 
========================================================================
Received Import Request.
  Time since last request: 2.085415 seconds.
  path: Assets/Tiles/Blue.png
  artifactKey: Guid(aa9d9690cf2d94343a12dbb05528687d) Importer(815301076,1909f56bfc062723c751e8b465ee728b)
Start importing Assets/Tiles/Blue.png using Guid(aa9d9690cf2d94343a12dbb05528687d) Importer(815301076,1909f56bfc062723c751e8b465ee728b)  -> (artifact id: 'df5047bc17faedcef97856a63e76d8f5') in 0.029179 seconds 
========================================================================
Received Import Request.
  Time since last request: 0.000095 seconds.
  path: Assets/Tiles/Ghost.png
  artifactKey: Guid(cf4f08a2e326a824c87ed3f7ec833f15) Importer(815301076,1909f56bfc062723c751e8b465ee728b)
Start importing Assets/Tiles/Ghost.png using Guid(cf4f08a2e326a824c87ed3f7ec833f15) Importer(815301076,1909f56bfc062723c751e8b465ee728b)  -> (artifact id: '536b9827885fc8c7bf159318f01b491f') in 0.036543 seconds 
========================================================================
Received Import Request.
  Time since last request: 0.000055 seconds.
  path: Assets/Tiles/Cyan.png
  artifactKey: Guid(4a444965d173e6e44a08a59beacb3de6) Importer(815301076,1909f56bfc062723c751e8b465ee728b)
Start importing Assets/Tiles/Cyan.png using Guid(4a444965d173e6e44a08a59beacb3de6) Importer(815301076,1909f56bfc062723c751e8b465ee728b)  -> (artifact id: '2007428fbd16b38279870a598c775ade') in 0.070045 seconds 
========================================================================
Received Import Request.
  Time since last request: 85.270434 seconds.
  path: Assets/Scenes/Tetris.unity
  artifactKey: Guid(2cda990e2423bbf4892e6590ba056729) Importer(815301076,1909f56bfc062723c751e8b465ee728b)
Start importing Assets/Scenes/Tetris.unity using Guid(2cda990e2423bbf4892e6590ba056729) Importer(815301076,1909f56bfc062723c751e8b465ee728b)  -> (artifact id: 'c0cd26a5e8b41fcc6669cc9389d49c90') in 0.003353 seconds 
